<?xml version="1.0" encoding="UTF-8"?>
<testng-results skipped="0" failed="0" ignored="0" total="69" passed="69">
  <reporter-output>
  </reporter-output>
  <suite name="example suite 1" duration-ms="265478" started-at="2020-02-19T16:22:00 CST" finished-at="2020-02-19T16:26:25 CST">
    <groups>
    </groups>
    <test name="Regression suite 1" duration-ms="88462" started-at="2020-02-19T16:22:00 CST" finished-at="2020-02-19T16:23:28 CST">
      <class name="com.test.InvocationCount">
        <test-method status="PASS" signature="test()[pri:0, instance:com.test.InvocationCount@210366b4]" name="test" duration-ms="7202" started-at="2020-02-19T16:22:00 CST" finished-at="2020-02-19T16:22:07 CST">
          <reporter-output>
          </reporter-output>
        </test-method> <!-- test -->
        <test-method status="PASS" signature="test()[pri:0, instance:com.test.InvocationCount@210366b4]" name="test" duration-ms="6404" started-at="2020-02-19T16:22:07 CST" finished-at="2020-02-19T16:22:14 CST">
          <reporter-output>
          </reporter-output>
        </test-method> <!-- test -->
        <test-method status="PASS" signature="test()[pri:0, instance:com.test.InvocationCount@210366b4]" name="test" duration-ms="8091" started-at="2020-02-19T16:22:14 CST" finished-at="2020-02-19T16:22:22 CST">
          <reporter-output>
          </reporter-output>
        </test-method> <!-- test -->
        <test-method status="PASS" signature="test()[pri:0, instance:com.test.InvocationCount@210366b4]" name="test" duration-ms="6485" started-at="2020-02-19T16:22:22 CST" finished-at="2020-02-19T16:22:28 CST">
          <reporter-output>
          </reporter-output>
        </test-method> <!-- test -->
        <test-method status="PASS" signature="test()[pri:0, instance:com.test.InvocationCount@210366b4]" name="test" duration-ms="6431" started-at="2020-02-19T16:22:28 CST" finished-at="2020-02-19T16:22:35 CST">
          <reporter-output>
          </reporter-output>
        </test-method> <!-- test -->
        <test-method status="PASS" signature="test()[pri:0, instance:com.test.InvocationCount@210366b4]" name="test" duration-ms="6569" started-at="2020-02-19T16:22:35 CST" finished-at="2020-02-19T16:22:41 CST">
          <reporter-output>
          </reporter-output>
        </test-method> <!-- test -->
        <test-method status="PASS" signature="test()[pri:0, instance:com.test.InvocationCount@210366b4]" name="test" duration-ms="6252" started-at="2020-02-19T16:22:41 CST" finished-at="2020-02-19T16:22:48 CST">
          <reporter-output>
          </reporter-output>
        </test-method> <!-- test -->
        <test-method status="PASS" signature="test()[pri:0, instance:com.test.InvocationCount@210366b4]" name="test" duration-ms="4292" started-at="2020-02-19T16:22:48 CST" finished-at="2020-02-19T16:22:52 CST">
          <reporter-output>
          </reporter-output>
        </test-method> <!-- test -->
        <test-method status="PASS" signature="test()[pri:0, instance:com.test.InvocationCount@210366b4]" name="test" duration-ms="6263" started-at="2020-02-19T16:22:52 CST" finished-at="2020-02-19T16:22:58 CST">
          <reporter-output>
          </reporter-output>
        </test-method> <!-- test -->
        <test-method status="PASS" signature="test()[pri:0, instance:com.test.InvocationCount@210366b4]" name="test" duration-ms="6324" started-at="2020-02-19T16:22:58 CST" finished-at="2020-02-19T16:23:04 CST">
          <reporter-output>
          </reporter-output>
        </test-method> <!-- test -->
      </class> <!-- com.test.InvocationCount -->
      <class name="com.test.TestNg_Webdriver">
        <test-method status="PASS" signature="setUp()[pri:0, instance:com.test.TestNg_Webdriver@eec5a4a]" name="setUp" is-config="true" duration-ms="6248" started-at="2020-02-19T16:23:04 CST" finished-at="2020-02-19T16:23:11 CST">
          <reporter-output>
          </reporter-output>
        </test-method> <!-- setUp -->
        <test-method status="PASS" signature="VerifySearch()[pri:0, instance:com.test.TestNg_Webdriver@eec5a4a]" name="VerifySearch" duration-ms="1471" started-at="2020-02-19T16:23:11 CST" finished-at="2020-02-19T16:23:12 CST">
          <reporter-output>
          </reporter-output>
        </test-method> <!-- VerifySearch -->
        <test-method status="PASS" signature="closeAll()[pri:0, instance:com.test.TestNg_Webdriver@eec5a4a]" name="closeAll" is-config="true" duration-ms="166" started-at="2020-02-19T16:23:12 CST" finished-at="2020-02-19T16:23:12 CST">
          <reporter-output>
          </reporter-output>
        </test-method> <!-- closeAll -->
        <test-method status="PASS" signature="setUp()[pri:0, instance:com.test.TestNg_Webdriver@eec5a4a]" name="setUp" is-config="true" duration-ms="6194" started-at="2020-02-19T16:23:12 CST" finished-at="2020-02-19T16:23:19 CST">
          <reporter-output>
          </reporter-output>
        </test-method> <!-- setUp -->
        <test-method status="PASS" signature="verifyTitle()[pri:0, instance:com.test.TestNg_Webdriver@eec5a4a]" name="verifyTitle" duration-ms="1225" started-at="2020-02-19T16:23:19 CST" finished-at="2020-02-19T16:23:20 CST">
          <reporter-output>
          </reporter-output>
        </test-method> <!-- verifyTitle -->
        <test-method status="PASS" signature="closeAll()[pri:0, instance:com.test.TestNg_Webdriver@eec5a4a]" name="closeAll" is-config="true" duration-ms="173" started-at="2020-02-19T16:23:20 CST" finished-at="2020-02-19T16:23:20 CST">
          <reporter-output>
          </reporter-output>
        </test-method> <!-- closeAll -->
        <test-method status="PASS" signature="setUp()[pri:0, instance:com.test.TestNg_Webdriver@eec5a4a]" name="setUp" is-config="true" duration-ms="6086" started-at="2020-02-19T16:23:20 CST" finished-at="2020-02-19T16:23:26 CST">
          <reporter-output>
          </reporter-output>
        </test-method> <!-- setUp -->
        <test-method status="PASS" signature="verifyTitle1()[pri:0, instance:com.test.TestNg_Webdriver@eec5a4a]" name="verifyTitle1" duration-ms="2133" started-at="2020-02-19T16:23:26 CST" finished-at="2020-02-19T16:23:28 CST">
          <reporter-output>
          </reporter-output>
        </test-method> <!-- verifyTitle1 -->
        <test-method status="PASS" signature="closeAll()[pri:0, instance:com.test.TestNg_Webdriver@eec5a4a]" name="closeAll" is-config="true" duration-ms="210" started-at="2020-02-19T16:23:28 CST" finished-at="2020-02-19T16:23:28 CST">
          <reporter-output>
          </reporter-output>
        </test-method> <!-- closeAll -->
      </class> <!-- com.test.TestNg_Webdriver -->
      <class name="com.test.AllParamaeters_All">
        <test-method status="PASS" signature="bbefretest()[pri:0, instance:com.test.AllParamaeters_All@335eadca]" name="bbefretest" is-config="true" duration-ms="1" started-at="2020-02-19T16:22:00 CST" finished-at="2020-02-19T16:22:00 CST">
          <reporter-output>
          </reporter-output>
        </test-method> <!-- bbefretest -->
        <test-method status="PASS" signature="beforeclassa()[pri:0, instance:com.test.AllParamaeters_All@335eadca]" name="beforeclassa" is-config="true" duration-ms="0" started-at="2020-02-19T16:22:00 CST" finished-at="2020-02-19T16:22:00 CST">
          <reporter-output>
          </reporter-output>
        </test-method> <!-- beforeclassa -->
        <test-method status="PASS" signature="homePage()[pri:0, instance:com.test.AllParamaeters_All@335eadca]" name="homePage" is-config="true" duration-ms="1" started-at="2020-02-19T16:22:00 CST" finished-at="2020-02-19T16:22:00 CST">
          <reporter-output>
          </reporter-output>
        </test-method> <!-- homePage -->
        <test-method status="PASS" signature="VerifyTitle()[pri:0, instance:com.test.AllParamaeters_All@335eadca]" name="VerifyTitle" duration-ms="9" started-at="2020-02-19T16:22:00 CST" finished-at="2020-02-19T16:22:00 CST">
          <reporter-output>
          </reporter-output>
        </test-method> <!-- VerifyTitle -->
        <test-method status="PASS" signature="aaftermethod()[pri:0, instance:com.test.AllParamaeters_All@335eadca]" name="aaftermethod" is-config="true" duration-ms="1" started-at="2020-02-19T16:22:00 CST" finished-at="2020-02-19T16:22:00 CST">
          <reporter-output>
          </reporter-output>
        </test-method> <!-- aaftermethod -->
        <test-method status="PASS" signature="homePage()[pri:0, instance:com.test.AllParamaeters_All@335eadca]" name="homePage" is-config="true" duration-ms="1" started-at="2020-02-19T16:22:00 CST" finished-at="2020-02-19T16:22:00 CST">
          <reporter-output>
          </reporter-output>
        </test-method> <!-- homePage -->
        <test-method status="PASS" signature="VerifyTitle()[pri:0, instance:com.test.AllParamaeters_All@335eadca]" name="VerifyTitle" duration-ms="6" started-at="2020-02-19T16:22:00 CST" finished-at="2020-02-19T16:22:00 CST">
          <reporter-output>
          </reporter-output>
        </test-method> <!-- VerifyTitle -->
        <test-method status="PASS" signature="aaftermethod()[pri:0, instance:com.test.AllParamaeters_All@335eadca]" name="aaftermethod" is-config="true" duration-ms="0" started-at="2020-02-19T16:22:00 CST" finished-at="2020-02-19T16:22:00 CST">
          <reporter-output>
          </reporter-output>
        </test-method> <!-- aaftermethod -->
        <test-method status="PASS" signature="homePage()[pri:0, instance:com.test.AllParamaeters_All@335eadca]" name="homePage" is-config="true" duration-ms="0" started-at="2020-02-19T16:22:00 CST" finished-at="2020-02-19T16:22:00 CST">
          <reporter-output>
          </reporter-output>
        </test-method> <!-- homePage -->
        <test-method status="PASS" signature="VerifyTitle()[pri:0, instance:com.test.AllParamaeters_All@335eadca]" name="VerifyTitle" duration-ms="4" started-at="2020-02-19T16:22:00 CST" finished-at="2020-02-19T16:22:00 CST">
          <reporter-output>
          </reporter-output>
        </test-method> <!-- VerifyTitle -->
        <test-method status="PASS" signature="aaftermethod()[pri:0, instance:com.test.AllParamaeters_All@335eadca]" name="aaftermethod" is-config="true" duration-ms="0" started-at="2020-02-19T16:22:00 CST" finished-at="2020-02-19T16:22:00 CST">
          <reporter-output>
          </reporter-output>
        </test-method> <!-- aaftermethod -->
        <test-method status="PASS" signature="VerifyTitle()[pri:0, instance:com.test.AllParamaeters_All@335eadca]" name="VerifyTitle" duration-ms="3" started-at="2020-02-19T16:22:00 CST" finished-at="2020-02-19T16:22:00 CST">
          <reporter-output>
          </reporter-output>
        </test-method> <!-- VerifyTitle -->
        <test-method status="PASS" signature="homePage()[pri:0, instance:com.test.AllParamaeters_All@335eadca]" name="homePage" is-config="true" duration-ms="0" started-at="2020-02-19T16:22:00 CST" finished-at="2020-02-19T16:22:00 CST">
          <reporter-output>
          </reporter-output>
        </test-method> <!-- homePage -->
        <test-method status="PASS" signature="aaftermethod()[pri:0, instance:com.test.AllParamaeters_All@335eadca]" name="aaftermethod" is-config="true" duration-ms="0" started-at="2020-02-19T16:22:00 CST" finished-at="2020-02-19T16:22:00 CST">
          <reporter-output>
          </reporter-output>
        </test-method> <!-- aaftermethod -->
        <test-method status="PASS" signature="homePage()[pri:0, instance:com.test.AllParamaeters_All@335eadca]" name="homePage" is-config="true" duration-ms="2" started-at="2020-02-19T16:22:00 CST" finished-at="2020-02-19T16:22:00 CST">
          <reporter-output>
          </reporter-output>
        </test-method> <!-- homePage -->
        <test-method status="PASS" signature="VerifyTitle()[pri:0, instance:com.test.AllParamaeters_All@335eadca]" name="VerifyTitle" duration-ms="5" started-at="2020-02-19T16:22:00 CST" finished-at="2020-02-19T16:22:00 CST">
          <reporter-output>
          </reporter-output>
        </test-method> <!-- VerifyTitle -->
        <test-method status="PASS" signature="aaftermethod()[pri:0, instance:com.test.AllParamaeters_All@335eadca]" name="aaftermethod" is-config="true" duration-ms="1" started-at="2020-02-19T16:22:00 CST" finished-at="2020-02-19T16:22:00 CST">
          <reporter-output>
          </reporter-output>
        </test-method> <!-- aaftermethod -->
        <test-method status="PASS" signature="homePage()[pri:0, instance:com.test.AllParamaeters_All@335eadca]" name="homePage" is-config="true" duration-ms="2" started-at="2020-02-19T16:22:00 CST" finished-at="2020-02-19T16:22:00 CST">
          <reporter-output>
          </reporter-output>
        </test-method> <!-- homePage -->
        <test-method status="PASS" signature="VerifyTitle()[pri:0, instance:com.test.AllParamaeters_All@335eadca]" name="VerifyTitle" duration-ms="7" started-at="2020-02-19T16:22:00 CST" finished-at="2020-02-19T16:22:00 CST">
          <reporter-output>
          </reporter-output>
        </test-method> <!-- VerifyTitle -->
        <test-method status="PASS" signature="aaftermethod()[pri:0, instance:com.test.AllParamaeters_All@335eadca]" name="aaftermethod" is-config="true" duration-ms="3" started-at="2020-02-19T16:22:00 CST" finished-at="2020-02-19T16:22:00 CST">
          <reporter-output>
          </reporter-output>
        </test-method> <!-- aaftermethod -->
        <test-method status="PASS" signature="homePage()[pri:0, instance:com.test.AllParamaeters_All@335eadca]" name="homePage" is-config="true" duration-ms="1" started-at="2020-02-19T16:22:00 CST" finished-at="2020-02-19T16:22:00 CST">
          <reporter-output>
          </reporter-output>
        </test-method> <!-- homePage -->
        <test-method status="PASS" signature="VerifyTitle()[pri:0, instance:com.test.AllParamaeters_All@335eadca]" name="VerifyTitle" duration-ms="4" started-at="2020-02-19T16:22:00 CST" finished-at="2020-02-19T16:22:00 CST">
          <reporter-output>
          </reporter-output>
        </test-method> <!-- VerifyTitle -->
        <test-method status="PASS" signature="aaftermethod()[pri:0, instance:com.test.AllParamaeters_All@335eadca]" name="aaftermethod" is-config="true" duration-ms="1" started-at="2020-02-19T16:22:00 CST" finished-at="2020-02-19T16:22:00 CST">
          <reporter-output>
          </reporter-output>
        </test-method> <!-- aaftermethod -->
        <test-method status="PASS" signature="VerifyTitle()[pri:0, instance:com.test.AllParamaeters_All@335eadca]" name="VerifyTitle" duration-ms="5" started-at="2020-02-19T16:22:00 CST" finished-at="2020-02-19T16:22:00 CST">
          <reporter-output>
          </reporter-output>
        </test-method> <!-- VerifyTitle -->
        <test-method status="PASS" signature="homePage()[pri:0, instance:com.test.AllParamaeters_All@335eadca]" name="homePage" is-config="true" duration-ms="0" started-at="2020-02-19T16:22:00 CST" finished-at="2020-02-19T16:22:00 CST">
          <reporter-output>
          </reporter-output>
        </test-method> <!-- homePage -->
        <test-method status="PASS" signature="aaftermethod()[pri:0, instance:com.test.AllParamaeters_All@335eadca]" name="aaftermethod" is-config="true" duration-ms="1" started-at="2020-02-19T16:22:00 CST" finished-at="2020-02-19T16:22:00 CST">
          <reporter-output>
          </reporter-output>
        </test-method> <!-- aaftermethod -->
        <test-method status="PASS" signature="homePage()[pri:0, instance:com.test.AllParamaeters_All@335eadca]" name="homePage" is-config="true" duration-ms="0" started-at="2020-02-19T16:22:00 CST" finished-at="2020-02-19T16:22:00 CST">
          <reporter-output>
          </reporter-output>
        </test-method> <!-- homePage -->
        <test-method status="PASS" signature="VerifyTitle()[pri:0, instance:com.test.AllParamaeters_All@335eadca]" name="VerifyTitle" duration-ms="1" started-at="2020-02-19T16:22:00 CST" finished-at="2020-02-19T16:22:00 CST">
          <reporter-output>
          </reporter-output>
        </test-method> <!-- VerifyTitle -->
        <test-method status="PASS" signature="aaftermethod()[pri:0, instance:com.test.AllParamaeters_All@335eadca]" name="aaftermethod" is-config="true" duration-ms="1" started-at="2020-02-19T16:22:00 CST" finished-at="2020-02-19T16:22:00 CST">
          <reporter-output>
          </reporter-output>
        </test-method> <!-- aaftermethod -->
        <test-method status="PASS" signature="homePage()[pri:0, instance:com.test.AllParamaeters_All@335eadca]" name="homePage" is-config="true" duration-ms="1" started-at="2020-02-19T16:22:00 CST" finished-at="2020-02-19T16:22:00 CST">
          <reporter-output>
          </reporter-output>
        </test-method> <!-- homePage -->
        <test-method status="PASS" signature="VerifyTitle()[pri:0, instance:com.test.AllParamaeters_All@335eadca]" name="VerifyTitle" duration-ms="9" started-at="2020-02-19T16:22:00 CST" finished-at="2020-02-19T16:22:00 CST">
          <reporter-output>
          </reporter-output>
        </test-method> <!-- VerifyTitle -->
        <test-method status="PASS" signature="aaftermethod()[pri:0, instance:com.test.AllParamaeters_All@335eadca]" name="aaftermethod" is-config="true" duration-ms="0" started-at="2020-02-19T16:22:00 CST" finished-at="2020-02-19T16:22:00 CST">
          <reporter-output>
          </reporter-output>
        </test-method> <!-- aaftermethod -->
        <test-method status="PASS" signature="aafterClass()[pri:0, instance:com.test.AllParamaeters_All@335eadca]" name="aafterClass" is-config="true" duration-ms="2" started-at="2020-02-19T16:22:00 CST" finished-at="2020-02-19T16:22:00 CST">
          <reporter-output>
          </reporter-output>
        </test-method> <!-- aafterClass -->
        <test-method status="PASS" signature="aaftertest()[pri:0, instance:com.test.AllParamaeters_All@335eadca]" name="aaftertest" is-config="true" duration-ms="1" started-at="2020-02-19T16:23:28 CST" finished-at="2020-02-19T16:23:28 CST">
          <reporter-output>
          </reporter-output>
        </test-method> <!-- aaftertest -->
      </class> <!-- com.test.AllParamaeters_All -->
    </test> <!-- Regression suite 1 -->
    <test name="Regression suite 2" duration-ms="87582" started-at="2020-02-19T16:23:28 CST" finished-at="2020-02-19T16:24:56 CST">
      <class name="com.test.InvocationCount">
        <test-method status="PASS" signature="test()[pri:0, instance:com.test.InvocationCount@50b494a6]" name="test" duration-ms="6640" started-at="2020-02-19T16:23:28 CST" finished-at="2020-02-19T16:23:35 CST">
          <reporter-output>
          </reporter-output>
        </test-method> <!-- test -->
        <test-method status="PASS" signature="test()[pri:0, instance:com.test.InvocationCount@50b494a6]" name="test" duration-ms="6383" started-at="2020-02-19T16:23:35 CST" finished-at="2020-02-19T16:23:42 CST">
          <reporter-output>
          </reporter-output>
        </test-method> <!-- test -->
        <test-method status="PASS" signature="test()[pri:0, instance:com.test.InvocationCount@50b494a6]" name="test" duration-ms="6278" started-at="2020-02-19T16:23:42 CST" finished-at="2020-02-19T16:23:48 CST">
          <reporter-output>
          </reporter-output>
        </test-method> <!-- test -->
        <test-method status="PASS" signature="test()[pri:0, instance:com.test.InvocationCount@50b494a6]" name="test" duration-ms="6307" started-at="2020-02-19T16:23:48 CST" finished-at="2020-02-19T16:23:54 CST">
          <reporter-output>
          </reporter-output>
        </test-method> <!-- test -->
        <test-method status="PASS" signature="test()[pri:0, instance:com.test.InvocationCount@50b494a6]" name="test" duration-ms="6168" started-at="2020-02-19T16:23:54 CST" finished-at="2020-02-19T16:24:00 CST">
          <reporter-output>
          </reporter-output>
        </test-method> <!-- test -->
        <test-method status="PASS" signature="test()[pri:0, instance:com.test.InvocationCount@50b494a6]" name="test" duration-ms="6492" started-at="2020-02-19T16:24:00 CST" finished-at="2020-02-19T16:24:07 CST">
          <reporter-output>
          </reporter-output>
        </test-method> <!-- test -->
        <test-method status="PASS" signature="test()[pri:0, instance:com.test.InvocationCount@50b494a6]" name="test" duration-ms="6087" started-at="2020-02-19T16:24:07 CST" finished-at="2020-02-19T16:24:13 CST">
          <reporter-output>
          </reporter-output>
        </test-method> <!-- test -->
        <test-method status="PASS" signature="test()[pri:0, instance:com.test.InvocationCount@50b494a6]" name="test" duration-ms="6357" started-at="2020-02-19T16:24:13 CST" finished-at="2020-02-19T16:24:19 CST">
          <reporter-output>
          </reporter-output>
        </test-method> <!-- test -->
        <test-method status="PASS" signature="test()[pri:0, instance:com.test.InvocationCount@50b494a6]" name="test" duration-ms="5985" started-at="2020-02-19T16:24:19 CST" finished-at="2020-02-19T16:24:25 CST">
          <reporter-output>
          </reporter-output>
        </test-method> <!-- test -->
        <test-method status="PASS" signature="test()[pri:0, instance:com.test.InvocationCount@50b494a6]" name="test" duration-ms="6362" started-at="2020-02-19T16:24:25 CST" finished-at="2020-02-19T16:24:32 CST">
          <reporter-output>
          </reporter-output>
        </test-method> <!-- test -->
      </class> <!-- com.test.InvocationCount -->
      <class name="com.test.TestNg_Webdriver">
        <test-method status="PASS" signature="setUp()[pri:0, instance:com.test.TestNg_Webdriver@3cef309d]" name="setUp" is-config="true" duration-ms="6622" started-at="2020-02-19T16:24:32 CST" finished-at="2020-02-19T16:24:38 CST">
          <reporter-output>
          </reporter-output>
        </test-method> <!-- setUp -->
        <test-method status="PASS" signature="VerifySearch()[pri:0, instance:com.test.TestNg_Webdriver@3cef309d]" name="VerifySearch" duration-ms="1570" started-at="2020-02-19T16:24:38 CST" finished-at="2020-02-19T16:24:40 CST">
          <reporter-output>
          </reporter-output>
        </test-method> <!-- VerifySearch -->
        <test-method status="PASS" signature="closeAll()[pri:0, instance:com.test.TestNg_Webdriver@3cef309d]" name="closeAll" is-config="true" duration-ms="294" started-at="2020-02-19T16:24:40 CST" finished-at="2020-02-19T16:24:40 CST">
          <reporter-output>
          </reporter-output>
        </test-method> <!-- closeAll -->
        <test-method status="PASS" signature="setUp()[pri:0, instance:com.test.TestNg_Webdriver@3cef309d]" name="setUp" is-config="true" duration-ms="6234" started-at="2020-02-19T16:24:40 CST" finished-at="2020-02-19T16:24:46 CST">
          <reporter-output>
          </reporter-output>
        </test-method> <!-- setUp -->
        <test-method status="PASS" signature="verifyTitle()[pri:0, instance:com.test.TestNg_Webdriver@3cef309d]" name="verifyTitle" duration-ms="1145" started-at="2020-02-19T16:24:46 CST" finished-at="2020-02-19T16:24:47 CST">
          <reporter-output>
          </reporter-output>
        </test-method> <!-- verifyTitle -->
        <test-method status="PASS" signature="closeAll()[pri:0, instance:com.test.TestNg_Webdriver@3cef309d]" name="closeAll" is-config="true" duration-ms="125" started-at="2020-02-19T16:24:47 CST" finished-at="2020-02-19T16:24:48 CST">
          <reporter-output>
          </reporter-output>
        </test-method> <!-- closeAll -->
        <test-method status="PASS" signature="setUp()[pri:0, instance:com.test.TestNg_Webdriver@3cef309d]" name="setUp" is-config="true" duration-ms="6380" started-at="2020-02-19T16:24:48 CST" finished-at="2020-02-19T16:24:54 CST">
          <reporter-output>
          </reporter-output>
        </test-method> <!-- setUp -->
        <test-method status="PASS" signature="verifyTitle1()[pri:0, instance:com.test.TestNg_Webdriver@3cef309d]" name="verifyTitle1" duration-ms="1808" started-at="2020-02-19T16:24:54 CST" finished-at="2020-02-19T16:24:56 CST">
          <reporter-output>
          </reporter-output>
        </test-method> <!-- verifyTitle1 -->
        <test-method status="PASS" signature="closeAll()[pri:0, instance:com.test.TestNg_Webdriver@3cef309d]" name="closeAll" is-config="true" duration-ms="233" started-at="2020-02-19T16:24:56 CST" finished-at="2020-02-19T16:24:56 CST">
          <reporter-output>
          </reporter-output>
        </test-method> <!-- closeAll -->
      </class> <!-- com.test.TestNg_Webdriver -->
      <class name="com.test.AllParamaeters_All">
        <test-method status="PASS" signature="bbefretest()[pri:0, instance:com.test.AllParamaeters_All@6e6c3152]" name="bbefretest" is-config="true" duration-ms="0" started-at="2020-02-19T16:23:28 CST" finished-at="2020-02-19T16:23:28 CST">
          <reporter-output>
          </reporter-output>
        </test-method> <!-- bbefretest -->
        <test-method status="PASS" signature="homePage()[pri:0, instance:com.test.AllParamaeters_All@6e6c3152]" name="homePage" is-config="true" duration-ms="1" started-at="2020-02-19T16:23:28 CST" finished-at="2020-02-19T16:23:28 CST">
          <reporter-output>
          </reporter-output>
        </test-method> <!-- homePage -->
        <test-method status="PASS" signature="beforeclassa()[pri:0, instance:com.test.AllParamaeters_All@6e6c3152]" name="beforeclassa" is-config="true" duration-ms="0" started-at="2020-02-19T16:23:28 CST" finished-at="2020-02-19T16:23:28 CST">
          <reporter-output>
          </reporter-output>
        </test-method> <!-- beforeclassa -->
        <test-method status="PASS" signature="VerifyTitle()[pri:0, instance:com.test.AllParamaeters_All@6e6c3152]" name="VerifyTitle" duration-ms="3" started-at="2020-02-19T16:23:28 CST" finished-at="2020-02-19T16:23:28 CST">
          <reporter-output>
          </reporter-output>
        </test-method> <!-- VerifyTitle -->
        <test-method status="PASS" signature="aaftermethod()[pri:0, instance:com.test.AllParamaeters_All@6e6c3152]" name="aaftermethod" is-config="true" duration-ms="1" started-at="2020-02-19T16:23:28 CST" finished-at="2020-02-19T16:23:28 CST">
          <reporter-output>
          </reporter-output>
        </test-method> <!-- aaftermethod -->
        <test-method status="PASS" signature="homePage()[pri:0, instance:com.test.AllParamaeters_All@6e6c3152]" name="homePage" is-config="true" duration-ms="0" started-at="2020-02-19T16:23:28 CST" finished-at="2020-02-19T16:23:28 CST">
          <reporter-output>
          </reporter-output>
        </test-method> <!-- homePage -->
        <test-method status="PASS" signature="VerifyTitle()[pri:0, instance:com.test.AllParamaeters_All@6e6c3152]" name="VerifyTitle" duration-ms="1" started-at="2020-02-19T16:23:28 CST" finished-at="2020-02-19T16:23:28 CST">
          <reporter-output>
          </reporter-output>
        </test-method> <!-- VerifyTitle -->
        <test-method status="PASS" signature="aaftermethod()[pri:0, instance:com.test.AllParamaeters_All@6e6c3152]" name="aaftermethod" is-config="true" duration-ms="1" started-at="2020-02-19T16:23:28 CST" finished-at="2020-02-19T16:23:28 CST">
          <reporter-output>
          </reporter-output>
        </test-method> <!-- aaftermethod -->
        <test-method status="PASS" signature="homePage()[pri:0, instance:com.test.AllParamaeters_All@6e6c3152]" name="homePage" is-config="true" duration-ms="0" started-at="2020-02-19T16:23:28 CST" finished-at="2020-02-19T16:23:28 CST">
          <reporter-output>
          </reporter-output>
        </test-method> <!-- homePage -->
        <test-method status="PASS" signature="VerifyTitle()[pri:0, instance:com.test.AllParamaeters_All@6e6c3152]" name="VerifyTitle" duration-ms="1" started-at="2020-02-19T16:23:28 CST" finished-at="2020-02-19T16:23:28 CST">
          <reporter-output>
          </reporter-output>
        </test-method> <!-- VerifyTitle -->
        <test-method status="PASS" signature="aaftermethod()[pri:0, instance:com.test.AllParamaeters_All@6e6c3152]" name="aaftermethod" is-config="true" duration-ms="0" started-at="2020-02-19T16:23:28 CST" finished-at="2020-02-19T16:23:28 CST">
          <reporter-output>
          </reporter-output>
        </test-method> <!-- aaftermethod -->
        <test-method status="PASS" signature="homePage()[pri:0, instance:com.test.AllParamaeters_All@6e6c3152]" name="homePage" is-config="true" duration-ms="0" started-at="2020-02-19T16:23:28 CST" finished-at="2020-02-19T16:23:28 CST">
          <reporter-output>
          </reporter-output>
        </test-method> <!-- homePage -->
        <test-method status="PASS" signature="VerifyTitle()[pri:0, instance:com.test.AllParamaeters_All@6e6c3152]" name="VerifyTitle" duration-ms="2" started-at="2020-02-19T16:23:28 CST" finished-at="2020-02-19T16:23:28 CST">
          <reporter-output>
          </reporter-output>
        </test-method> <!-- VerifyTitle -->
        <test-method status="PASS" signature="aaftermethod()[pri:0, instance:com.test.AllParamaeters_All@6e6c3152]" name="aaftermethod" is-config="true" duration-ms="1" started-at="2020-02-19T16:23:28 CST" finished-at="2020-02-19T16:23:28 CST">
          <reporter-output>
          </reporter-output>
        </test-method> <!-- aaftermethod -->
        <test-method status="PASS" signature="homePage()[pri:0, instance:com.test.AllParamaeters_All@6e6c3152]" name="homePage" is-config="true" duration-ms="0" started-at="2020-02-19T16:23:28 CST" finished-at="2020-02-19T16:23:28 CST">
          <reporter-output>
          </reporter-output>
        </test-method> <!-- homePage -->
        <test-method status="PASS" signature="VerifyTitle()[pri:0, instance:com.test.AllParamaeters_All@6e6c3152]" name="VerifyTitle" duration-ms="2" started-at="2020-02-19T16:23:28 CST" finished-at="2020-02-19T16:23:28 CST">
          <reporter-output>
          </reporter-output>
        </test-method> <!-- VerifyTitle -->
        <test-method status="PASS" signature="aaftermethod()[pri:0, instance:com.test.AllParamaeters_All@6e6c3152]" name="aaftermethod" is-config="true" duration-ms="1" started-at="2020-02-19T16:23:28 CST" finished-at="2020-02-19T16:23:28 CST">
          <reporter-output>
          </reporter-output>
        </test-method> <!-- aaftermethod -->
        <test-method status="PASS" signature="homePage()[pri:0, instance:com.test.AllParamaeters_All@6e6c3152]" name="homePage" is-config="true" duration-ms="4" started-at="2020-02-19T16:23:28 CST" finished-at="2020-02-19T16:23:28 CST">
          <reporter-output>
          </reporter-output>
        </test-method> <!-- homePage -->
        <test-method status="PASS" signature="VerifyTitle()[pri:0, instance:com.test.AllParamaeters_All@6e6c3152]" name="VerifyTitle" duration-ms="3" started-at="2020-02-19T16:23:28 CST" finished-at="2020-02-19T16:23:28 CST">
          <reporter-output>
          </reporter-output>
        </test-method> <!-- VerifyTitle -->
        <test-method status="PASS" signature="aaftermethod()[pri:0, instance:com.test.AllParamaeters_All@6e6c3152]" name="aaftermethod" is-config="true" duration-ms="1" started-at="2020-02-19T16:23:28 CST" finished-at="2020-02-19T16:23:28 CST">
          <reporter-output>
          </reporter-output>
        </test-method> <!-- aaftermethod -->
        <test-method status="PASS" signature="homePage()[pri:0, instance:com.test.AllParamaeters_All@6e6c3152]" name="homePage" is-config="true" duration-ms="1" started-at="2020-02-19T16:23:28 CST" finished-at="2020-02-19T16:23:28 CST">
          <reporter-output>
          </reporter-output>
        </test-method> <!-- homePage -->
        <test-method status="PASS" signature="VerifyTitle()[pri:0, instance:com.test.AllParamaeters_All@6e6c3152]" name="VerifyTitle" duration-ms="2" started-at="2020-02-19T16:23:28 CST" finished-at="2020-02-19T16:23:28 CST">
          <reporter-output>
          </reporter-output>
        </test-method> <!-- VerifyTitle -->
        <test-method status="PASS" signature="aaftermethod()[pri:0, instance:com.test.AllParamaeters_All@6e6c3152]" name="aaftermethod" is-config="true" duration-ms="1" started-at="2020-02-19T16:23:28 CST" finished-at="2020-02-19T16:23:28 CST">
          <reporter-output>
          </reporter-output>
        </test-method> <!-- aaftermethod -->
        <test-method status="PASS" signature="homePage()[pri:0, instance:com.test.AllParamaeters_All@6e6c3152]" name="homePage" is-config="true" duration-ms="1" started-at="2020-02-19T16:23:28 CST" finished-at="2020-02-19T16:23:28 CST">
          <reporter-output>
          </reporter-output>
        </test-method> <!-- homePage -->
        <test-method status="PASS" signature="VerifyTitle()[pri:0, instance:com.test.AllParamaeters_All@6e6c3152]" name="VerifyTitle" duration-ms="1" started-at="2020-02-19T16:23:28 CST" finished-at="2020-02-19T16:23:28 CST">
          <reporter-output>
          </reporter-output>
        </test-method> <!-- VerifyTitle -->
        <test-method status="PASS" signature="aaftermethod()[pri:0, instance:com.test.AllParamaeters_All@6e6c3152]" name="aaftermethod" is-config="true" duration-ms="1" started-at="2020-02-19T16:23:28 CST" finished-at="2020-02-19T16:23:28 CST">
          <reporter-output>
          </reporter-output>
        </test-method> <!-- aaftermethod -->
        <test-method status="PASS" signature="homePage()[pri:0, instance:com.test.AllParamaeters_All@6e6c3152]" name="homePage" is-config="true" duration-ms="1" started-at="2020-02-19T16:23:28 CST" finished-at="2020-02-19T16:23:28 CST">
          <reporter-output>
          </reporter-output>
        </test-method> <!-- homePage -->
        <test-method status="PASS" signature="VerifyTitle()[pri:0, instance:com.test.AllParamaeters_All@6e6c3152]" name="VerifyTitle" duration-ms="1" started-at="2020-02-19T16:23:28 CST" finished-at="2020-02-19T16:23:28 CST">
          <reporter-output>
          </reporter-output>
        </test-method> <!-- VerifyTitle -->
        <test-method status="PASS" signature="aaftermethod()[pri:0, instance:com.test.AllParamaeters_All@6e6c3152]" name="aaftermethod" is-config="true" duration-ms="0" started-at="2020-02-19T16:23:28 CST" finished-at="2020-02-19T16:23:28 CST">
          <reporter-output>
          </reporter-output>
        </test-method> <!-- aaftermethod -->
        <test-method status="PASS" signature="VerifyTitle()[pri:0, instance:com.test.AllParamaeters_All@6e6c3152]" name="VerifyTitle" duration-ms="2" started-at="2020-02-19T16:23:28 CST" finished-at="2020-02-19T16:23:28 CST">
          <reporter-output>
          </reporter-output>
        </test-method> <!-- VerifyTitle -->
        <test-method status="PASS" signature="homePage()[pri:0, instance:com.test.AllParamaeters_All@6e6c3152]" name="homePage" is-config="true" duration-ms="0" started-at="2020-02-19T16:23:28 CST" finished-at="2020-02-19T16:23:28 CST">
          <reporter-output>
          </reporter-output>
        </test-method> <!-- homePage -->
        <test-method status="PASS" signature="aaftermethod()[pri:0, instance:com.test.AllParamaeters_All@6e6c3152]" name="aaftermethod" is-config="true" duration-ms="0" started-at="2020-02-19T16:23:28 CST" finished-at="2020-02-19T16:23:28 CST">
          <reporter-output>
          </reporter-output>
        </test-method> <!-- aaftermethod -->
        <test-method status="PASS" signature="aafterClass()[pri:0, instance:com.test.AllParamaeters_All@6e6c3152]" name="aafterClass" is-config="true" duration-ms="2" started-at="2020-02-19T16:23:28 CST" finished-at="2020-02-19T16:23:28 CST">
          <reporter-output>
          </reporter-output>
        </test-method> <!-- aafterClass -->
        <test-method status="PASS" signature="aaftertest()[pri:0, instance:com.test.AllParamaeters_All@6e6c3152]" name="aaftertest" is-config="true" duration-ms="1" started-at="2020-02-19T16:24:56 CST" finished-at="2020-02-19T16:24:56 CST">
          <reporter-output>
          </reporter-output>
        </test-method> <!-- aaftertest -->
      </class> <!-- com.test.AllParamaeters_All -->
    </test> <!-- Regression suite 2 -->
    <test name="Regression suite 3" duration-ms="89323" started-at="2020-02-19T16:24:56 CST" finished-at="2020-02-19T16:26:25 CST">
      <class name="com.test.InvocationCount">
        <test-method status="PASS" signature="test()[pri:0, instance:com.test.InvocationCount@79be0360]" name="test" duration-ms="6390" started-at="2020-02-19T16:24:56 CST" finished-at="2020-02-19T16:25:02 CST">
          <reporter-output>
          </reporter-output>
        </test-method> <!-- test -->
        <test-method status="PASS" signature="test()[pri:0, instance:com.test.InvocationCount@79be0360]" name="test" duration-ms="6024" started-at="2020-02-19T16:25:02 CST" finished-at="2020-02-19T16:25:08 CST">
          <reporter-output>
          </reporter-output>
        </test-method> <!-- test -->
        <test-method status="PASS" signature="test()[pri:0, instance:com.test.InvocationCount@79be0360]" name="test" duration-ms="6146" started-at="2020-02-19T16:25:08 CST" finished-at="2020-02-19T16:25:15 CST">
          <reporter-output>
          </reporter-output>
        </test-method> <!-- test -->
        <test-method status="PASS" signature="test()[pri:0, instance:com.test.InvocationCount@79be0360]" name="test" duration-ms="6536" started-at="2020-02-19T16:25:15 CST" finished-at="2020-02-19T16:25:21 CST">
          <reporter-output>
          </reporter-output>
        </test-method> <!-- test -->
        <test-method status="PASS" signature="test()[pri:0, instance:com.test.InvocationCount@79be0360]" name="test" duration-ms="6245" started-at="2020-02-19T16:25:21 CST" finished-at="2020-02-19T16:25:27 CST">
          <reporter-output>
          </reporter-output>
        </test-method> <!-- test -->
        <test-method status="PASS" signature="test()[pri:0, instance:com.test.InvocationCount@79be0360]" name="test" duration-ms="6494" started-at="2020-02-19T16:25:27 CST" finished-at="2020-02-19T16:25:34 CST">
          <reporter-output>
          </reporter-output>
        </test-method> <!-- test -->
        <test-method status="PASS" signature="test()[pri:0, instance:com.test.InvocationCount@79be0360]" name="test" duration-ms="6070" started-at="2020-02-19T16:25:34 CST" finished-at="2020-02-19T16:25:40 CST">
          <reporter-output>
          </reporter-output>
        </test-method> <!-- test -->
        <test-method status="PASS" signature="test()[pri:0, instance:com.test.InvocationCount@79be0360]" name="test" duration-ms="6530" started-at="2020-02-19T16:25:40 CST" finished-at="2020-02-19T16:25:47 CST">
          <reporter-output>
          </reporter-output>
        </test-method> <!-- test -->
        <test-method status="PASS" signature="test()[pri:0, instance:com.test.InvocationCount@79be0360]" name="test" duration-ms="6752" started-at="2020-02-19T16:25:47 CST" finished-at="2020-02-19T16:25:53 CST">
          <reporter-output>
          </reporter-output>
        </test-method> <!-- test -->
        <test-method status="PASS" signature="test()[pri:0, instance:com.test.InvocationCount@79be0360]" name="test" duration-ms="6482" started-at="2020-02-19T16:25:53 CST" finished-at="2020-02-19T16:26:00 CST">
          <reporter-output>
          </reporter-output>
        </test-method> <!-- test -->
      </class> <!-- com.test.InvocationCount -->
      <class name="com.test.TestNg_Webdriver">
        <test-method status="PASS" signature="setUp()[pri:0, instance:com.test.TestNg_Webdriver@22a67b4]" name="setUp" is-config="true" duration-ms="6353" started-at="2020-02-19T16:26:00 CST" finished-at="2020-02-19T16:26:06 CST">
          <reporter-output>
          </reporter-output>
        </test-method> <!-- setUp -->
        <test-method status="PASS" signature="VerifySearch()[pri:0, instance:com.test.TestNg_Webdriver@22a67b4]" name="VerifySearch" duration-ms="1604" started-at="2020-02-19T16:26:06 CST" finished-at="2020-02-19T16:26:08 CST">
          <reporter-output>
          </reporter-output>
        </test-method> <!-- VerifySearch -->
        <test-method status="PASS" signature="closeAll()[pri:0, instance:com.test.TestNg_Webdriver@22a67b4]" name="closeAll" is-config="true" duration-ms="212" started-at="2020-02-19T16:26:08 CST" finished-at="2020-02-19T16:26:08 CST">
          <reporter-output>
          </reporter-output>
        </test-method> <!-- closeAll -->
        <test-method status="PASS" signature="setUp()[pri:0, instance:com.test.TestNg_Webdriver@22a67b4]" name="setUp" is-config="true" duration-ms="6690" started-at="2020-02-19T16:26:08 CST" finished-at="2020-02-19T16:26:15 CST">
          <reporter-output>
          </reporter-output>
        </test-method> <!-- setUp -->
        <test-method status="PASS" signature="verifyTitle()[pri:0, instance:com.test.TestNg_Webdriver@22a67b4]" name="verifyTitle" duration-ms="1523" started-at="2020-02-19T16:26:15 CST" finished-at="2020-02-19T16:26:16 CST">
          <reporter-output>
          </reporter-output>
        </test-method> <!-- verifyTitle -->
        <test-method status="PASS" signature="closeAll()[pri:0, instance:com.test.TestNg_Webdriver@22a67b4]" name="closeAll" is-config="true" duration-ms="210" started-at="2020-02-19T16:26:16 CST" finished-at="2020-02-19T16:26:16 CST">
          <reporter-output>
          </reporter-output>
        </test-method> <!-- closeAll -->
        <test-method status="PASS" signature="setUp()[pri:0, instance:com.test.TestNg_Webdriver@22a67b4]" name="setUp" is-config="true" duration-ms="6744" started-at="2020-02-19T16:26:16 CST" finished-at="2020-02-19T16:26:23 CST">
          <reporter-output>
          </reporter-output>
        </test-method> <!-- setUp -->
        <test-method status="PASS" signature="verifyTitle1()[pri:0, instance:com.test.TestNg_Webdriver@22a67b4]" name="verifyTitle1" duration-ms="73" started-at="2020-02-19T16:26:23 CST" finished-at="2020-02-19T16:26:23 CST">
          <reporter-output>
          </reporter-output>
        </test-method> <!-- verifyTitle1 -->
        <test-method status="PASS" signature="closeAll()[pri:0, instance:com.test.TestNg_Webdriver@22a67b4]" name="closeAll" is-config="true" duration-ms="2179" started-at="2020-02-19T16:26:23 CST" finished-at="2020-02-19T16:26:25 CST">
          <reporter-output>
          </reporter-output>
        </test-method> <!-- closeAll -->
      </class> <!-- com.test.TestNg_Webdriver -->
      <class name="com.test.AllParamaeters_All">
        <test-method status="PASS" signature="Beforesuitee()[pri:0, instance:com.test.AllParamaeters_All@6321e813]" name="Beforesuitee" is-config="true" duration-ms="14" started-at="2020-02-19T16:22:00 CST" finished-at="2020-02-19T16:22:00 CST">
          <reporter-output>
          </reporter-output>
        </test-method> <!-- Beforesuitee -->
        <test-method status="PASS" signature="bbefretest()[pri:0, instance:com.test.AllParamaeters_All@6321e813]" name="bbefretest" is-config="true" duration-ms="0" started-at="2020-02-19T16:24:56 CST" finished-at="2020-02-19T16:24:56 CST">
          <reporter-output>
          </reporter-output>
        </test-method> <!-- bbefretest -->
        <test-method status="PASS" signature="beforeclassa()[pri:0, instance:com.test.AllParamaeters_All@6321e813]" name="beforeclassa" is-config="true" duration-ms="0" started-at="2020-02-19T16:24:56 CST" finished-at="2020-02-19T16:24:56 CST">
          <reporter-output>
          </reporter-output>
        </test-method> <!-- beforeclassa -->
        <test-method status="PASS" signature="homePage()[pri:0, instance:com.test.AllParamaeters_All@6321e813]" name="homePage" is-config="true" duration-ms="0" started-at="2020-02-19T16:24:56 CST" finished-at="2020-02-19T16:24:56 CST">
          <reporter-output>
          </reporter-output>
        </test-method> <!-- homePage -->
        <test-method status="PASS" signature="VerifyTitle()[pri:0, instance:com.test.AllParamaeters_All@6321e813]" name="VerifyTitle" duration-ms="1" started-at="2020-02-19T16:24:56 CST" finished-at="2020-02-19T16:24:56 CST">
          <reporter-output>
          </reporter-output>
        </test-method> <!-- VerifyTitle -->
        <test-method status="PASS" signature="aaftermethod()[pri:0, instance:com.test.AllParamaeters_All@6321e813]" name="aaftermethod" is-config="true" duration-ms="0" started-at="2020-02-19T16:24:56 CST" finished-at="2020-02-19T16:24:56 CST">
          <reporter-output>
          </reporter-output>
        </test-method> <!-- aaftermethod -->
        <test-method status="PASS" signature="homePage()[pri:0, instance:com.test.AllParamaeters_All@6321e813]" name="homePage" is-config="true" duration-ms="1" started-at="2020-02-19T16:24:56 CST" finished-at="2020-02-19T16:24:56 CST">
          <reporter-output>
          </reporter-output>
        </test-method> <!-- homePage -->
        <test-method status="PASS" signature="VerifyTitle()[pri:0, instance:com.test.AllParamaeters_All@6321e813]" name="VerifyTitle" duration-ms="0" started-at="2020-02-19T16:24:56 CST" finished-at="2020-02-19T16:24:56 CST">
          <reporter-output>
          </reporter-output>
        </test-method> <!-- VerifyTitle -->
        <test-method status="PASS" signature="aaftermethod()[pri:0, instance:com.test.AllParamaeters_All@6321e813]" name="aaftermethod" is-config="true" duration-ms="1" started-at="2020-02-19T16:24:56 CST" finished-at="2020-02-19T16:24:56 CST">
          <reporter-output>
          </reporter-output>
        </test-method> <!-- aaftermethod -->
        <test-method status="PASS" signature="homePage()[pri:0, instance:com.test.AllParamaeters_All@6321e813]" name="homePage" is-config="true" duration-ms="1" started-at="2020-02-19T16:24:56 CST" finished-at="2020-02-19T16:24:56 CST">
          <reporter-output>
          </reporter-output>
        </test-method> <!-- homePage -->
        <test-method status="PASS" signature="VerifyTitle()[pri:0, instance:com.test.AllParamaeters_All@6321e813]" name="VerifyTitle" duration-ms="1" started-at="2020-02-19T16:24:56 CST" finished-at="2020-02-19T16:24:56 CST">
          <reporter-output>
          </reporter-output>
        </test-method> <!-- VerifyTitle -->
        <test-method status="PASS" signature="aaftermethod()[pri:0, instance:com.test.AllParamaeters_All@6321e813]" name="aaftermethod" is-config="true" duration-ms="1" started-at="2020-02-19T16:24:56 CST" finished-at="2020-02-19T16:24:56 CST">
          <reporter-output>
          </reporter-output>
        </test-method> <!-- aaftermethod -->
        <test-method status="PASS" signature="homePage()[pri:0, instance:com.test.AllParamaeters_All@6321e813]" name="homePage" is-config="true" duration-ms="0" started-at="2020-02-19T16:24:56 CST" finished-at="2020-02-19T16:24:56 CST">
          <reporter-output>
          </reporter-output>
        </test-method> <!-- homePage -->
        <test-method status="PASS" signature="VerifyTitle()[pri:0, instance:com.test.AllParamaeters_All@6321e813]" name="VerifyTitle" duration-ms="4" started-at="2020-02-19T16:24:56 CST" finished-at="2020-02-19T16:24:56 CST">
          <reporter-output>
          </reporter-output>
        </test-method> <!-- VerifyTitle -->
        <test-method status="PASS" signature="aaftermethod()[pri:0, instance:com.test.AllParamaeters_All@6321e813]" name="aaftermethod" is-config="true" duration-ms="1" started-at="2020-02-19T16:24:56 CST" finished-at="2020-02-19T16:24:56 CST">
          <reporter-output>
          </reporter-output>
        </test-method> <!-- aaftermethod -->
        <test-method status="PASS" signature="homePage()[pri:0, instance:com.test.AllParamaeters_All@6321e813]" name="homePage" is-config="true" duration-ms="1" started-at="2020-02-19T16:24:56 CST" finished-at="2020-02-19T16:24:56 CST">
          <reporter-output>
          </reporter-output>
        </test-method> <!-- homePage -->
        <test-method status="PASS" signature="VerifyTitle()[pri:0, instance:com.test.AllParamaeters_All@6321e813]" name="VerifyTitle" duration-ms="2" started-at="2020-02-19T16:24:56 CST" finished-at="2020-02-19T16:24:56 CST">
          <reporter-output>
          </reporter-output>
        </test-method> <!-- VerifyTitle -->
        <test-method status="PASS" signature="aaftermethod()[pri:0, instance:com.test.AllParamaeters_All@6321e813]" name="aaftermethod" is-config="true" duration-ms="1" started-at="2020-02-19T16:24:56 CST" finished-at="2020-02-19T16:24:56 CST">
          <reporter-output>
          </reporter-output>
        </test-method> <!-- aaftermethod -->
        <test-method status="PASS" signature="homePage()[pri:0, instance:com.test.AllParamaeters_All@6321e813]" name="homePage" is-config="true" duration-ms="0" started-at="2020-02-19T16:24:56 CST" finished-at="2020-02-19T16:24:56 CST">
          <reporter-output>
          </reporter-output>
        </test-method> <!-- homePage -->
        <test-method status="PASS" signature="VerifyTitle()[pri:0, instance:com.test.AllParamaeters_All@6321e813]" name="VerifyTitle" duration-ms="1" started-at="2020-02-19T16:24:56 CST" finished-at="2020-02-19T16:24:56 CST">
          <reporter-output>
          </reporter-output>
        </test-method> <!-- VerifyTitle -->
        <test-method status="PASS" signature="aaftermethod()[pri:0, instance:com.test.AllParamaeters_All@6321e813]" name="aaftermethod" is-config="true" duration-ms="0" started-at="2020-02-19T16:24:56 CST" finished-at="2020-02-19T16:24:56 CST">
          <reporter-output>
          </reporter-output>
        </test-method> <!-- aaftermethod -->
        <test-method status="PASS" signature="homePage()[pri:0, instance:com.test.AllParamaeters_All@6321e813]" name="homePage" is-config="true" duration-ms="1" started-at="2020-02-19T16:24:56 CST" finished-at="2020-02-19T16:24:56 CST">
          <reporter-output>
          </reporter-output>
        </test-method> <!-- homePage -->
        <test-method status="PASS" signature="VerifyTitle()[pri:0, instance:com.test.AllParamaeters_All@6321e813]" name="VerifyTitle" duration-ms="0" started-at="2020-02-19T16:24:56 CST" finished-at="2020-02-19T16:24:56 CST">
          <reporter-output>
          </reporter-output>
        </test-method> <!-- VerifyTitle -->
        <test-method status="PASS" signature="homePage()[pri:0, instance:com.test.AllParamaeters_All@6321e813]" name="homePage" is-config="true" duration-ms="1" started-at="2020-02-19T16:24:56 CST" finished-at="2020-02-19T16:24:56 CST">
          <reporter-output>
          </reporter-output>
        </test-method> <!-- homePage -->
        <test-method status="PASS" signature="aaftermethod()[pri:0, instance:com.test.AllParamaeters_All@6321e813]" name="aaftermethod" is-config="true" duration-ms="0" started-at="2020-02-19T16:24:56 CST" finished-at="2020-02-19T16:24:56 CST">
          <reporter-output>
          </reporter-output>
        </test-method> <!-- aaftermethod -->
        <test-method status="PASS" signature="VerifyTitle()[pri:0, instance:com.test.AllParamaeters_All@6321e813]" name="VerifyTitle" duration-ms="0" started-at="2020-02-19T16:24:56 CST" finished-at="2020-02-19T16:24:56 CST">
          <reporter-output>
          </reporter-output>
        </test-method> <!-- VerifyTitle -->
        <test-method status="PASS" signature="aaftermethod()[pri:0, instance:com.test.AllParamaeters_All@6321e813]" name="aaftermethod" is-config="true" duration-ms="1" started-at="2020-02-19T16:24:56 CST" finished-at="2020-02-19T16:24:56 CST">
          <reporter-output>
          </reporter-output>
        </test-method> <!-- aaftermethod -->
        <test-method status="PASS" signature="VerifyTitle()[pri:0, instance:com.test.AllParamaeters_All@6321e813]" name="VerifyTitle" duration-ms="1" started-at="2020-02-19T16:24:56 CST" finished-at="2020-02-19T16:24:56 CST">
          <reporter-output>
          </reporter-output>
        </test-method> <!-- VerifyTitle -->
        <test-method status="PASS" signature="homePage()[pri:0, instance:com.test.AllParamaeters_All@6321e813]" name="homePage" is-config="true" duration-ms="0" started-at="2020-02-19T16:24:56 CST" finished-at="2020-02-19T16:24:56 CST">
          <reporter-output>
          </reporter-output>
        </test-method> <!-- homePage -->
        <test-method status="PASS" signature="aaftermethod()[pri:0, instance:com.test.AllParamaeters_All@6321e813]" name="aaftermethod" is-config="true" duration-ms="0" started-at="2020-02-19T16:24:56 CST" finished-at="2020-02-19T16:24:56 CST">
          <reporter-output>
          </reporter-output>
        </test-method> <!-- aaftermethod -->
        <test-method status="PASS" signature="homePage()[pri:0, instance:com.test.AllParamaeters_All@6321e813]" name="homePage" is-config="true" duration-ms="1" started-at="2020-02-19T16:24:56 CST" finished-at="2020-02-19T16:24:56 CST">
          <reporter-output>
          </reporter-output>
        </test-method> <!-- homePage -->
        <test-method status="PASS" signature="VerifyTitle()[pri:0, instance:com.test.AllParamaeters_All@6321e813]" name="VerifyTitle" duration-ms="0" started-at="2020-02-19T16:24:56 CST" finished-at="2020-02-19T16:24:56 CST">
          <reporter-output>
          </reporter-output>
        </test-method> <!-- VerifyTitle -->
        <test-method status="PASS" signature="aafterClass()[pri:0, instance:com.test.AllParamaeters_All@6321e813]" name="aafterClass" is-config="true" duration-ms="0" started-at="2020-02-19T16:24:56 CST" finished-at="2020-02-19T16:24:56 CST">
          <reporter-output>
          </reporter-output>
        </test-method> <!-- aafterClass -->
        <test-method status="PASS" signature="aaftermethod()[pri:0, instance:com.test.AllParamaeters_All@6321e813]" name="aaftermethod" is-config="true" duration-ms="0" started-at="2020-02-19T16:24:56 CST" finished-at="2020-02-19T16:24:56 CST">
          <reporter-output>
          </reporter-output>
        </test-method> <!-- aaftermethod -->
        <test-method status="PASS" signature="aaftertest()[pri:0, instance:com.test.AllParamaeters_All@6321e813]" name="aaftertest" is-config="true" duration-ms="1" started-at="2020-02-19T16:26:25 CST" finished-at="2020-02-19T16:26:25 CST">
          <reporter-output>
          </reporter-output>
        </test-method> <!-- aaftertest -->
        <test-method status="PASS" signature="aafterSuite()[pri:0, instance:com.test.AllParamaeters_All@6321e813]" name="aafterSuite" is-config="true" duration-ms="2" started-at="2020-02-19T16:26:25 CST" finished-at="2020-02-19T16:26:25 CST">
          <reporter-output>
          </reporter-output>
        </test-method> <!-- aafterSuite -->
      </class> <!-- com.test.AllParamaeters_All -->
    </test> <!-- Regression suite 3 -->
  </suite> <!-- example suite 1 -->
</testng-results>
