<?xml version="1.0" encoding="UTF-8"?>
<!-- Generated by org.testng.reporters.JUnitXMLReporter -->
<testsuite hostname="DESKTOP-H5EGRJF" ignored="0" name="Regression suite 1" tests="23" failures="0" timestamp="2020-02-19T16:23:28 CST" time="88.462" errors="0">
  <testcase name="VerifyTitle" time="0.009" classname="com.test.AllParamaeters_All"/>
  <testcase name="VerifyTitle" time="0.006" classname="com.test.AllParamaeters_All"/>
  <testcase name="VerifyTitle" time="0.004" classname="com.test.AllParamaeters_All"/>
  <testcase name="VerifyTitle" time="0.003" classname="com.test.AllParamaeters_All"/>
  <testcase name="VerifyTitle" time="0.005" classname="com.test.AllParamaeters_All"/>
  <testcase name="VerifyTitle" time="0.007" classname="com.test.AllParamaeters_All"/>
  <testcase name="VerifyTitle" time="0.004" classname="com.test.AllParamaeters_All"/>
  <testcase name="VerifyTitle" time="0.005" classname="com.test.AllParamaeters_All"/>
  <testcase name="VerifyTitle" time="0.001" classname="com.test.AllParamaeters_All"/>
  <testcase name="VerifyTitle" time="0.009" classname="com.test.AllParamaeters_All"/>
  <testcase name="test" time="7.202" classname="com.test.InvocationCount"/>
  <testcase name="test" time="6.404" classname="com.test.InvocationCount"/>
  <testcase name="test" time="8.091" classname="com.test.InvocationCount"/>
  <testcase name="test" time="6.485" classname="com.test.InvocationCount"/>
  <testcase name="test" time="6.431" classname="com.test.InvocationCount"/>
  <testcase name="test" time="6.569" classname="com.test.InvocationCount"/>
  <testcase name="test" time="6.252" classname="com.test.InvocationCount"/>
  <testcase name="test" time="4.292" classname="com.test.InvocationCount"/>
  <testcase name="test" time="6.263" classname="com.test.InvocationCount"/>
  <testcase name="test" time="6.324" classname="com.test.InvocationCount"/>
  <testcase name="VerifySearch" time="1.471" classname="com.test.TestNg_Webdriver"/>
  <testcase name="verifyTitle" time="1.225" classname="com.test.TestNg_Webdriver"/>
  <testcase name="verifyTitle1" time="2.133" classname="com.test.TestNg_Webdriver"/>
</testsuite> <!-- Regression suite 1 -->
